#-----------------------------------------------------------
# Vivado v2024.2 (64-bit)
# SW Build 5239630 on Fri Nov 08 22:35:27 MST 2024
# IP Build 5239520 on Sun Nov 10 16:12:51 MST 2024
# SharedData Build 5239561 on Fri Nov 08 14:39:27 MST 2024
# Start of session at: Thu Jan  9 09:36:09 2025
# Process ID         : 14408
# Current directory  : F:/FPGA_Projects/UART_CMOD_A735T
# Command line       : vivado.exe -gui_launcher_event rodinguilauncherevent3364 F:\FPGA_Projects\UART_CMOD_A735T\UART_CMOD_A735T.xpr
# Log file           : F:/FPGA_Projects/UART_CMOD_A735T/vivado.log
# Journal file       : F:/FPGA_Projects/UART_CMOD_A735T\vivado.jou
# Running On         : DESKTOP-QQS53RN
# Platform           : Windows Server 2016 or Windows 10
# Operating System   : 19045
# Processor Detail   : AMD Ryzen 5 3600 6-Core Processor              
# CPU Frequency      : 3600 MHz
# CPU Physical cores : 6
# CPU Logical cores  : 12
# Host memory        : 34282 MB
# Swap memory        : 5100 MB
# Total Virtual      : 39382 MB
# Available Virtual  : 30230 MB
#-----------------------------------------------------------
start_gui
open_project F:/FPGA_Projects/UART_CMOD_A735T/UART_CMOD_A735T.xpr
INFO: [Project 1-313] Project file moved from 'F:/FPGA_Projects/UART_COMD_A735T' since last save.
INFO: [filemgmt 56-3] Default IP Output Path : Could not find the directory 'F:/FPGA_Projects/UART_CMOD_A735T/UART_CMOD_A735T.gen/sources_1'.
CRITICAL WARNING: [Project 1-311] Could not find the file 'F:/FPGA_Projects/UART_CMOD_A735T/UART_CMOD_A735T.srcs/sources_1/new/UART_TX_COMD_A735T.sv', nor could it be found using path 'F:/FPGA_Projects/UART_COMD_A735T/UART_COMD_A735T.srcs/sources_1/new/UART_TX_COMD_A735T.sv'.
CRITICAL WARNING: [Project 1-311] Could not find the file 'F:/FPGA_Projects/UART_CMOD_A735T/UART_CMOD_A735T.srcs/sources_1/new/UART_RX_COMD_A735T.sv', nor could it be found using path 'F:/FPGA_Projects/UART_COMD_A735T/UART_COMD_A735T.srcs/sources_1/new/UART_RX_COMD_A735T.sv'.
Scanning sources...
Finished scanning sources
INFO: [IP_Flow 19-234] Refreshing IP repositories
INFO: [IP_Flow 19-1704] No user IP repositories specified
INFO: [IP_Flow 19-2313] Loaded Vivado IP repository 'F:/Vivado/2024.2/data/ip'.
update_compile_order -fileset sources_1
close_project
create_project UART_SERIAL_TESTING F:/FPGA_Projects/UART_SERIAL_TESTING -part xc7k70tfbv676-1
INFO: [IP_Flow 19-234] Refreshing IP repositories
INFO: [IP_Flow 19-1704] No user IP repositories specified
INFO: [IP_Flow 19-2313] Loaded Vivado IP repository 'F:/Vivado/2024.2/data/ip'.
add_files -norecurse {F:/FPGA_Projects/UART_CMOD_A735T/UART_CMOD_A735T.srcs/sources_1/new/UART_RX_CMOD_A735T.sv F:/FPGA_Projects/UART_CMOD_A735T/UART_CMOD_A735T.srcs/sources_1/new/UART_TX_CMOD_A735T.sv}
update_compile_order -fileset sources_1
update_compile_order -fileset sources_1
add_files -fileset constrs_1 -norecurse F:/FPGA_Projects/UART_CMOD_A735T/UART_CMOD_A735T.srcs/constrs_1/new/constraints.xdc
WARNING: [filemgmt 56-199] Attempt to get parsing info during refresh. "On-the-fly" syntax checking information may be incorrect. [F:\FPGA_Projects\UART_CMOD_A735T\UART_CMOD_A735T.srcs\sources_1\new\UART_TX_CMOD_A735T.sv:]
WARNING: [filemgmt 56-199] Attempt to get parsing info during refresh. "On-the-fly" syntax checking information may be incorrect. [F:\FPGA_Projects\UART_CMOD_A735T\UART_CMOD_A735T.srcs\sources_1\new\UART_RX_CMOD_A735T.sv:]
WARNING: [filemgmt 56-199] Attempt to get parsing info during refresh. "On-the-fly" syntax checking information may be incorrect. [F:\FPGA_Projects\UART_CMOD_A735T\UART_CMOD_A735T.srcs\sources_1\new\UART_TX_CMOD_A735T.sv:]
WARNING: [filemgmt 56-199] Attempt to get parsing info during refresh. "On-the-fly" syntax checking information may be incorrect. [F:\FPGA_Projects\UART_CMOD_A735T\UART_CMOD_A735T.srcs\sources_1\new\UART_TX_CMOD_A735T.sv:]
ERROR: [Common 17-180] Spawn failed: No error
WARNING: [filemgmt 56-199] Attempt to get parsing info during refresh. "On-the-fly" syntax checking information may be incorrect. [F:\FPGA_Projects\UART_CMOD_A735T\UART_CMOD_A735T.srcs\sources_1\new\UART_TX_CMOD_A735T.sv:]
WARNING: [filemgmt 56-199] Attempt to get parsing info during refresh. "On-the-fly" syntax checking information may be incorrect. [F:\FPGA_Projects\UART_CMOD_A735T\UART_CMOD_A735T.srcs\sources_1\new\UART_RX_CMOD_A735T.sv:]
WARNING: [filemgmt 56-199] Attempt to get parsing info during refresh. "On-the-fly" syntax checking information may be incorrect. [F:\FPGA_Projects\UART_CMOD_A735T\UART_CMOD_A735T.srcs\sources_1\new\UART_TX_CMOD_A735T.sv:]
WARNING: [filemgmt 56-199] Attempt to get parsing info during refresh. "On-the-fly" syntax checking information may be incorrect. [F:\FPGA_Projects\UART_CMOD_A735T\UART_CMOD_A735T.srcs\sources_1\new\UART_TX_CMOD_A735T.sv:]
ERROR: [Common 17-180] Spawn failed: No error
update_compile_order -fileset sources_1
WARNING: [filemgmt 56-199] Attempt to get parsing info during refresh. "On-the-fly" syntax checking information may be incorrect. [F:\FPGA_Projects\UART_CMOD_A735T\UART_CMOD_A735T.srcs\sources_1\new\UART_TX_CMOD_A735T.sv:]
WARNING: [filemgmt 56-199] Attempt to get parsing info during refresh. "On-the-fly" syntax checking information may be incorrect. [F:\FPGA_Projects\UART_CMOD_A735T\UART_CMOD_A735T.srcs\sources_1\new\UART_RX_CMOD_A735T.sv:]
WARNING: [filemgmt 56-199] Attempt to get parsing info during refresh. "On-the-fly" syntax checking information may be incorrect. [F:\FPGA_Projects\UART_CMOD_A735T\UART_CMOD_A735T.srcs\sources_1\new\UART_TX_CMOD_A735T.sv:]
WARNING: [filemgmt 56-199] Attempt to get parsing info during refresh. "On-the-fly" syntax checking information may be incorrect. [F:\FPGA_Projects\UART_CMOD_A735T\UART_CMOD_A735T.srcs\sources_1\new\UART_TX_CMOD_A735T.sv:]
ERROR: [Common 17-180] Spawn failed: No error
WARNING: [filemgmt 56-199] Attempt to get parsing info during refresh. "On-the-fly" syntax checking information may be incorrect. [F:\FPGA_Projects\UART_CMOD_A735T\UART_CMOD_A735T.srcs\sources_1\new\UART_TX_CMOD_A735T.sv:]
WARNING: [filemgmt 56-199] Attempt to get parsing info during refresh. "On-the-fly" syntax checking information may be incorrect. [F:\FPGA_Projects\UART_CMOD_A735T\UART_CMOD_A735T.srcs\sources_1\new\UART_RX_CMOD_A735T.sv:]
WARNING: [filemgmt 56-199] Attempt to get parsing info during refresh. "On-the-fly" syntax checking information may be incorrect. [F:\FPGA_Projects\UART_CMOD_A735T\UART_CMOD_A735T.srcs\sources_1\new\UART_TX_CMOD_A735T.sv:]
WARNING: [filemgmt 56-199] Attempt to get parsing info during refresh. "On-the-fly" syntax checking information may be incorrect. [F:\FPGA_Projects\UART_CMOD_A735T\UART_CMOD_A735T.srcs\sources_1\new\UART_TX_CMOD_A735T.sv:]
ERROR: [Common 17-180] Spawn failed: No error
update_compile_order -fileset sources_1
WARNING: [filemgmt 56-199] Attempt to get parsing info during refresh. "On-the-fly" syntax checking information may be incorrect. [F:\FPGA_Projects\UART_CMOD_A735T\UART_CMOD_A735T.srcs\sources_1\new\UART_TX_CMOD_A735T.sv:]
WARNING: [filemgmt 56-199] Attempt to get parsing info during refresh. "On-the-fly" syntax checking information may be incorrect. [F:\FPGA_Projects\UART_CMOD_A735T\UART_CMOD_A735T.srcs\sources_1\new\UART_RX_CMOD_A735T.sv:]
WARNING: [filemgmt 56-199] Attempt to get parsing info during refresh. "On-the-fly" syntax checking information may be incorrect. [F:\FPGA_Projects\UART_CMOD_A735T\UART_CMOD_A735T.srcs\sources_1\new\UART_TX_CMOD_A735T.sv:]
WARNING: [filemgmt 56-199] Attempt to get parsing info during refresh. "On-the-fly" syntax checking information may be incorrect. [F:\FPGA_Projects\UART_CMOD_A735T\UART_CMOD_A735T.srcs\sources_1\new\UART_TX_CMOD_A735T.sv:]
ERROR: [Common 17-180] Spawn failed: No error
remove_files  {F:/FPGA_Projects/UART_CMOD_A735T/UART_CMOD_A735T.srcs/sources_1/new/UART_RX_CMOD_A735T.sv F:/FPGA_Projects/UART_CMOD_A735T/UART_CMOD_A735T.srcs/sources_1/new/UART_TX_CMOD_A735T.sv}
file mkdir F:/FPGA_Projects/UART_SERIAL_TESTING/UART_SERIAL_TESTING.srcs/sources_1/new
close [ open F:/FPGA_Projects/UART_SERIAL_TESTING/UART_SERIAL_TESTING.srcs/sources_1/new/blk.sv w ]
add_files F:/FPGA_Projects/UART_SERIAL_TESTING/UART_SERIAL_TESTING.srcs/sources_1/new/blk.sv
add_files -norecurse {F:/FPGA_Projects/UART_SERIAL_TESTING/UART_SERIAL_TESTING.srcs/sources_1/new/UART_TX_CMOD_A735T.sv F:/FPGA_Projects/UART_SERIAL_TESTING/UART_SERIAL_TESTING.srcs/sources_1/new/UART_RX_CMOD_A735T.sv}
update_compile_order -fileset sources_1
remove_files  F:/FPGA_Projects/UART_SERIAL_TESTING/UART_SERIAL_TESTING.srcs/sources_1/new/blk.sv
file delete -force F:/FPGA_Projects/UART_SERIAL_TESTING/UART_SERIAL_TESTING.srcs/sources_1/new/blk.sv
update_compile_order -fileset sources_1
WARNING: [filemgmt 56-199] Attempt to get parsing info during refresh. "On-the-fly" syntax checking information may be incorrect. [F:\FPGA_Projects\UART_SERIAL_TESTING\UART_SERIAL_TESTING.srcs\sources_1\new\UART_RX_CMOD_A735T.sv:]
WARNING: [filemgmt 56-199] Attempt to get parsing info during refresh. "On-the-fly" syntax checking information may be incorrect. [F:\FPGA_Projects\UART_CMOD_A735T\UART_CMOD_A735T.srcs\sources_1\new\UART_TX_CMOD_A735T.sv:]
WARNING: [filemgmt 56-199] Attempt to get parsing info during refresh. "On-the-fly" syntax checking information may be incorrect. [F:\FPGA_Projects\UART_SERIAL_TESTING\UART_SERIAL_TESTING.srcs\sources_1\new\UART_TX_CMOD_A735T.sv:]
WARNING: [filemgmt 56-199] Attempt to get parsing info during refresh. "On-the-fly" syntax checking information may be incorrect. [F:\FPGA_Projects\UART_CMOD_A735T\UART_CMOD_A735T.srcs\sources_1\new\UART_RX_CMOD_A735T.sv:]
WARNING: [filemgmt 56-199] Attempt to get parsing info during refresh. "On-the-fly" syntax checking information may be incorrect. [F:\FPGA_Projects\UART_SERIAL_TESTING\UART_SERIAL_TESTING.srcs\sources_1\new\UART_TX_CMOD_A735T.sv:]
WARNING: [filemgmt 56-199] Attempt to get parsing info during refresh. "On-the-fly" syntax checking information may be incorrect. [F:\FPGA_Projects\UART_SERIAL_TESTING\UART_SERIAL_TESTING.srcs\sources_1\new\UART_TX_CMOD_A735T.sv:]
ERROR: [Common 17-180] Spawn failed: No error
update_compile_order -fileset sources_1
WARNING: [filemgmt 56-199] Attempt to get parsing info during refresh. "On-the-fly" syntax checking information may be incorrect. [F:\FPGA_Projects\UART_SERIAL_TESTING\UART_SERIAL_TESTING.srcs\sources_1\new\UART_RX_CMOD_A735T.sv:]
WARNING: [filemgmt 56-199] Attempt to get parsing info during refresh. "On-the-fly" syntax checking information may be incorrect. [F:\FPGA_Projects\UART_CMOD_A735T\UART_CMOD_A735T.srcs\sources_1\new\UART_TX_CMOD_A735T.sv:]
WARNING: [filemgmt 56-199] Attempt to get parsing info during refresh. "On-the-fly" syntax checking information may be incorrect. [F:\FPGA_Projects\UART_SERIAL_TESTING\UART_SERIAL_TESTING.srcs\sources_1\new\UART_TX_CMOD_A735T.sv:]
WARNING: [filemgmt 56-199] Attempt to get parsing info during refresh. "On-the-fly" syntax checking information may be incorrect. [F:\FPGA_Projects\UART_CMOD_A735T\UART_CMOD_A735T.srcs\sources_1\new\UART_RX_CMOD_A735T.sv:]
WARNING: [filemgmt 56-199] Attempt to get parsing info during refresh. "On-the-fly" syntax checking information may be incorrect. [F:\FPGA_Projects\UART_SERIAL_TESTING\UART_SERIAL_TESTING.srcs\sources_1\new\UART_TX_CMOD_A735T.sv:]
WARNING: [filemgmt 56-199] Attempt to get parsing info during refresh. "On-the-fly" syntax checking information may be incorrect. [F:\FPGA_Projects\UART_SERIAL_TESTING\UART_SERIAL_TESTING.srcs\sources_1\new\UART_TX_CMOD_A735T.sv:]
ERROR: [Common 17-180] Spawn failed: No error
close [ open F:/FPGA_Projects/UART_SERIAL_TESTING/UART_SERIAL_TESTING.srcs/sources_1/new/UART_TEST.sv w ]
add_files F:/FPGA_Projects/UART_SERIAL_TESTING/UART_SERIAL_TESTING.srcs/sources_1/new/UART_TEST.sv
WARNING: [filemgmt 56-199] Attempt to get parsing info during refresh. "On-the-fly" syntax checking information may be incorrect. [F:\FPGA_Projects\UART_SERIAL_TESTING\UART_SERIAL_TESTING.srcs\sources_1\new\UART_RX_CMOD_A735T.sv:]
WARNING: [filemgmt 56-199] Attempt to get parsing info during refresh. "On-the-fly" syntax checking information may be incorrect. [F:\FPGA_Projects\UART_CMOD_A735T\UART_CMOD_A735T.srcs\sources_1\new\UART_TX_CMOD_A735T.sv:]
WARNING: [filemgmt 56-199] Attempt to get parsing info during refresh. "On-the-fly" syntax checking information may be incorrect. [F:\FPGA_Projects\UART_SERIAL_TESTING\UART_SERIAL_TESTING.srcs\sources_1\new\UART_TX_CMOD_A735T.sv:]
WARNING: [filemgmt 56-199] Attempt to get parsing info during refresh. "On-the-fly" syntax checking information may be incorrect. [F:\FPGA_Projects\UART_CMOD_A735T\UART_CMOD_A735T.srcs\sources_1\new\UART_RX_CMOD_A735T.sv:]
WARNING: [filemgmt 56-199] Attempt to get parsing info during refresh. "On-the-fly" syntax checking information may be incorrect. [F:\FPGA_Projects\UART_SERIAL_TESTING\UART_SERIAL_TESTING.srcs\sources_1\new\UART_TX_CMOD_A735T.sv:]
WARNING: [filemgmt 56-199] Attempt to get parsing info during refresh. "On-the-fly" syntax checking information may be incorrect. [F:\FPGA_Projects\UART_SERIAL_TESTING\UART_SERIAL_TESTING.srcs\sources_1\new\UART_TX_CMOD_A735T.sv:]
ERROR: [Common 17-180] Spawn failed: No error
WARNING: [filemgmt 56-199] Attempt to get parsing info during refresh. "On-the-fly" syntax checking information may be incorrect. [F:\FPGA_Projects\UART_SERIAL_TESTING\UART_SERIAL_TESTING.srcs\sources_1\new\UART_RX_CMOD_A735T.sv:]
WARNING: [filemgmt 56-199] Attempt to get parsing info during refresh. "On-the-fly" syntax checking information may be incorrect. [F:\FPGA_Projects\UART_CMOD_A735T\UART_CMOD_A735T.srcs\sources_1\new\UART_TX_CMOD_A735T.sv:]
WARNING: [filemgmt 56-199] Attempt to get parsing info during refresh. "On-the-fly" syntax checking information may be incorrect. [F:\FPGA_Projects\UART_SERIAL_TESTING\UART_SERIAL_TESTING.srcs\sources_1\new\UART_TX_CMOD_A735T.sv:]
WARNING: [filemgmt 56-199] Attempt to get parsing info during refresh. "On-the-fly" syntax checking information may be incorrect. [F:\FPGA_Projects\UART_CMOD_A735T\UART_CMOD_A735T.srcs\sources_1\new\UART_RX_CMOD_A735T.sv:]
WARNING: [filemgmt 56-199] Attempt to get parsing info during refresh. "On-the-fly" syntax checking information may be incorrect. [F:\FPGA_Projects\UART_SERIAL_TESTING\UART_SERIAL_TESTING.srcs\sources_1\new\UART_TX_CMOD_A735T.sv:]
WARNING: [filemgmt 56-199] Attempt to get parsing info during refresh. "On-the-fly" syntax checking information may be incorrect. [F:\FPGA_Projects\UART_SERIAL_TESTING\UART_SERIAL_TESTING.srcs\sources_1\new\UART_TX_CMOD_A735T.sv:]
ERROR: [Common 17-180] Spawn failed: No error
update_compile_order -fileset sources_1
WARNING: [filemgmt 56-199] Attempt to get parsing info during refresh. "On-the-fly" syntax checking information may be incorrect. [F:\FPGA_Projects\UART_SERIAL_TESTING\UART_SERIAL_TESTING.srcs\sources_1\new\UART_RX_CMOD_A735T.sv:]
WARNING: [filemgmt 56-199] Attempt to get parsing info during refresh. "On-the-fly" syntax checking information may be incorrect. [F:\FPGA_Projects\UART_CMOD_A735T\UART_CMOD_A735T.srcs\sources_1\new\UART_TX_CMOD_A735T.sv:]
WARNING: [filemgmt 56-199] Attempt to get parsing info during refresh. "On-the-fly" syntax checking information may be incorrect. [F:\FPGA_Projects\UART_SERIAL_TESTING\UART_SERIAL_TESTING.srcs\sources_1\new\UART_TX_CMOD_A735T.sv:]
WARNING: [filemgmt 56-199] Attempt to get parsing info during refresh. "On-the-fly" syntax checking information may be incorrect. [F:\FPGA_Projects\UART_CMOD_A735T\UART_CMOD_A735T.srcs\sources_1\new\UART_RX_CMOD_A735T.sv:]
WARNING: [filemgmt 56-199] Attempt to get parsing info during refresh. "On-the-fly" syntax checking information may be incorrect. [F:\FPGA_Projects\UART_SERIAL_TESTING\UART_SERIAL_TESTING.srcs\sources_1\new\UART_TX_CMOD_A735T.sv:]
WARNING: [filemgmt 56-199] Attempt to get parsing info during refresh. "On-the-fly" syntax checking information may be incorrect. [F:\FPGA_Projects\UART_SERIAL_TESTING\UART_SERIAL_TESTING.srcs\sources_1\new\UART_TX_CMOD_A735T.sv:]
ERROR: [Common 17-180] Spawn failed: No error
WARNING: [filemgmt 56-199] Attempt to get parsing info during refresh. "On-the-fly" syntax checking information may be incorrect. [F:\FPGA_Projects\UART_SERIAL_TESTING\UART_SERIAL_TESTING.srcs\sources_1\new\UART_RX_CMOD_A735T.sv:]
WARNING: [filemgmt 56-199] Attempt to get parsing info during refresh. "On-the-fly" syntax checking information may be incorrect. [F:\FPGA_Projects\UART_CMOD_A735T\UART_CMOD_A735T.srcs\sources_1\new\UART_TX_CMOD_A735T.sv:]
WARNING: [filemgmt 56-199] Attempt to get parsing info during refresh. "On-the-fly" syntax checking information may be incorrect. [F:\FPGA_Projects\UART_SERIAL_TESTING\UART_SERIAL_TESTING.srcs\sources_1\new\UART_TEST.sv:]
WARNING: [filemgmt 56-199] Attempt to get parsing info during refresh. "On-the-fly" syntax checking information may be incorrect. [F:\FPGA_Projects\UART_SERIAL_TESTING\UART_SERIAL_TESTING.srcs\sources_1\new\UART_TX_CMOD_A735T.sv:]
WARNING: [filemgmt 56-199] Attempt to get parsing info during refresh. "On-the-fly" syntax checking information may be incorrect. [F:\FPGA_Projects\UART_CMOD_A735T\UART_CMOD_A735T.srcs\sources_1\new\UART_RX_CMOD_A735T.sv:]
WARNING: [filemgmt 56-199] Attempt to get parsing info during refresh. "On-the-fly" syntax checking information may be incorrect. [F:\FPGA_Projects\UART_SERIAL_TESTING\UART_SERIAL_TESTING.srcs\sources_1\new\UART_TX_CMOD_A735T.sv:]
WARNING: [filemgmt 56-199] Attempt to get parsing info during refresh. "On-the-fly" syntax checking information may be incorrect. [F:\FPGA_Projects\UART_SERIAL_TESTING\UART_SERIAL_TESTING.srcs\sources_1\new\UART_TX_CMOD_A735T.sv:]
WARNING: [filemgmt 56-199] Attempt to get parsing info during refresh. "On-the-fly" syntax checking information may be incorrect. [F:\FPGA_Projects\UART_SERIAL_TESTING\UART_SERIAL_TESTING.srcs\sources_1\new\UART_RX_CMOD_A735T.sv:]
WARNING: [filemgmt 56-199] Attempt to get parsing info during refresh. "On-the-fly" syntax checking information may be incorrect. [F:\FPGA_Projects\UART_CMOD_A735T\UART_CMOD_A735T.srcs\sources_1\new\UART_TX_CMOD_A735T.sv:]
WARNING: [filemgmt 56-199] Attempt to get parsing info during refresh. "On-the-fly" syntax checking information may be incorrect. [F:\FPGA_Projects\UART_SERIAL_TESTING\UART_SERIAL_TESTING.srcs\sources_1\new\UART_TEST.sv:]
WARNING: [filemgmt 56-199] Attempt to get parsing info during refresh. "On-the-fly" syntax checking information may be incorrect. [F:\FPGA_Projects\UART_SERIAL_TESTING\UART_SERIAL_TESTING.srcs\sources_1\new\UART_TX_CMOD_A735T.sv:]
WARNING: [filemgmt 56-199] Attempt to get parsing info during refresh. "On-the-fly" syntax checking information may be incorrect. [F:\FPGA_Projects\UART_CMOD_A735T\UART_CMOD_A735T.srcs\sources_1\new\UART_RX_CMOD_A735T.sv:]
WARNING: [filemgmt 56-199] Attempt to get parsing info during refresh. "On-the-fly" syntax checking information may be incorrect. [F:\FPGA_Projects\UART_SERIAL_TESTING\UART_SERIAL_TESTING.srcs\sources_1\new\UART_TX_CMOD_A735T.sv:]
WARNING: [filemgmt 56-199] Attempt to get parsing info during refresh. "On-the-fly" syntax checking information may be incorrect. [F:\FPGA_Projects\UART_SERIAL_TESTING\UART_SERIAL_TESTING.srcs\sources_1\new\UART_TX_CMOD_A735T.sv:]
WARNING: [filemgmt 56-199] Attempt to get parsing info during refresh. "On-the-fly" syntax checking information may be incorrect. [F:\FPGA_Projects\UART_SERIAL_TESTING\UART_SERIAL_TESTING.srcs\sources_1\new\UART_RX_CMOD_A735T.sv:]
WARNING: [filemgmt 56-199] Attempt to get parsing info during refresh. "On-the-fly" syntax checking information may be incorrect. [F:\FPGA_Projects\UART_CMOD_A735T\UART_CMOD_A735T.srcs\sources_1\new\UART_TX_CMOD_A735T.sv:]
WARNING: [filemgmt 56-199] Attempt to get parsing info during refresh. "On-the-fly" syntax checking information may be incorrect. [F:\FPGA_Projects\UART_SERIAL_TESTING\UART_SERIAL_TESTING.srcs\sources_1\new\UART_TEST.sv:]
WARNING: [filemgmt 56-199] Attempt to get parsing info during refresh. "On-the-fly" syntax checking information may be incorrect. [F:\FPGA_Projects\UART_SERIAL_TESTING\UART_SERIAL_TESTING.srcs\sources_1\new\UART_TX_CMOD_A735T.sv:]
WARNING: [filemgmt 56-199] Attempt to get parsing info during refresh. "On-the-fly" syntax checking information may be incorrect. [F:\FPGA_Projects\UART_CMOD_A735T\UART_CMOD_A735T.srcs\sources_1\new\UART_RX_CMOD_A735T.sv:]
WARNING: [filemgmt 56-199] Attempt to get parsing info during refresh. "On-the-fly" syntax checking information may be incorrect. [F:\FPGA_Projects\UART_SERIAL_TESTING\UART_SERIAL_TESTING.srcs\sources_1\new\UART_RX_CMOD_A735T.sv:]
WARNING: [filemgmt 56-199] Attempt to get parsing info during refresh. "On-the-fly" syntax checking information may be incorrect. [F:\FPGA_Projects\UART_SERIAL_TESTING\UART_SERIAL_TESTING.srcs\sources_1\new\UART_RX_CMOD_A735T.sv:]
WARNING: [filemgmt 56-199] Attempt to get parsing info during refresh. "On-the-fly" syntax checking information may be incorrect. [F:\FPGA_Projects\UART_SERIAL_TESTING\UART_SERIAL_TESTING.srcs\sources_1\new\UART_RX_CMOD_A735T.sv:]
WARNING: [filemgmt 56-199] Attempt to get parsing info during refresh. "On-the-fly" syntax checking information may be incorrect. [F:\FPGA_Projects\UART_CMOD_A735T\UART_CMOD_A735T.srcs\sources_1\new\UART_TX_CMOD_A735T.sv:]
WARNING: [filemgmt 56-199] Attempt to get parsing info during refresh. "On-the-fly" syntax checking information may be incorrect. [F:\FPGA_Projects\UART_SERIAL_TESTING\UART_SERIAL_TESTING.srcs\sources_1\new\UART_TEST.sv:]
WARNING: [filemgmt 56-199] Attempt to get parsing info during refresh. "On-the-fly" syntax checking information may be incorrect. [F:\FPGA_Projects\UART_SERIAL_TESTING\UART_SERIAL_TESTING.srcs\sources_1\new\UART_TX_CMOD_A735T.sv:]
WARNING: [filemgmt 56-199] Attempt to get parsing info during refresh. "On-the-fly" syntax checking information may be incorrect. [F:\FPGA_Projects\UART_CMOD_A735T\UART_CMOD_A735T.srcs\sources_1\new\UART_RX_CMOD_A735T.sv:]
WARNING: [filemgmt 56-199] Attempt to get parsing info during refresh. "On-the-fly" syntax checking information may be incorrect. [F:\FPGA_Projects\UART_SERIAL_TESTING\UART_SERIAL_TESTING.srcs\sources_1\new\UART_TX_CMOD_A735T.sv:]
WARNING: [filemgmt 56-199] Attempt to get parsing info during refresh. "On-the-fly" syntax checking information may be incorrect. [F:\FPGA_Projects\UART_SERIAL_TESTING\UART_SERIAL_TESTING.srcs\sources_1\new\UART_TX_CMOD_A735T.sv:]
WARNING: [filemgmt 56-199] Attempt to get parsing info during refresh. "On-the-fly" syntax checking information may be incorrect. [F:\FPGA_Projects\UART_SERIAL_TESTING\UART_SERIAL_TESTING.srcs\sources_1\new\UART_RX_CMOD_A735T.sv:]
WARNING: [filemgmt 56-199] Attempt to get parsing info during refresh. "On-the-fly" syntax checking information may be incorrect. [F:\FPGA_Projects\UART_CMOD_A735T\UART_CMOD_A735T.srcs\sources_1\new\UART_TX_CMOD_A735T.sv:]
WARNING: [filemgmt 56-199] Attempt to get parsing info during refresh. "On-the-fly" syntax checking information may be incorrect. [F:\FPGA_Projects\UART_SERIAL_TESTING\UART_SERIAL_TESTING.srcs\sources_1\new\UART_TEST.sv:]
WARNING: [filemgmt 56-199] Attempt to get parsing info during refresh. "On-the-fly" syntax checking information may be incorrect. [F:\FPGA_Projects\UART_SERIAL_TESTING\UART_SERIAL_TESTING.srcs\sources_1\new\UART_TX_CMOD_A735T.sv:]
WARNING: [filemgmt 56-199] Attempt to get parsing info during refresh. "On-the-fly" syntax checking information may be incorrect. [F:\FPGA_Projects\UART_CMOD_A735T\UART_CMOD_A735T.srcs\sources_1\new\UART_RX_CMOD_A735T.sv:]
WARNING: [filemgmt 56-199] Attempt to get parsing info during refresh. "On-the-fly" syntax checking information may be incorrect. [F:\FPGA_Projects\UART_SERIAL_TESTING\UART_SERIAL_TESTING.srcs\sources_1\new\UART_RX_CMOD_A735T.sv:]
WARNING: [filemgmt 56-199] Attempt to get parsing info during refresh. "On-the-fly" syntax checking information may be incorrect. [F:\FPGA_Projects\UART_SERIAL_TESTING\UART_SERIAL_TESTING.srcs\sources_1\new\UART_RX_CMOD_A735T.sv:]
WARNING: [filemgmt 56-199] Attempt to get parsing info during refresh. "On-the-fly" syntax checking information may be incorrect. [F:\FPGA_Projects\UART_SERIAL_TESTING\UART_SERIAL_TESTING.srcs\sources_1\new\UART_RX_CMOD_A735T.sv:]
WARNING: [filemgmt 56-199] Attempt to get parsing info during refresh. "On-the-fly" syntax checking information may be incorrect. [F:\FPGA_Projects\UART_CMOD_A735T\UART_CMOD_A735T.srcs\sources_1\new\UART_TX_CMOD_A735T.sv:]
WARNING: [filemgmt 56-199] Attempt to get parsing info during refresh. "On-the-fly" syntax checking information may be incorrect. [F:\FPGA_Projects\UART_SERIAL_TESTING\UART_SERIAL_TESTING.srcs\sources_1\new\UART_TEST.sv:]
WARNING: [filemgmt 56-199] Attempt to get parsing info during refresh. "On-the-fly" syntax checking information may be incorrect. [F:\FPGA_Projects\UART_SERIAL_TESTING\UART_SERIAL_TESTING.srcs\sources_1\new\UART_TX_CMOD_A735T.sv:]
WARNING: [filemgmt 56-199] Attempt to get parsing info during refresh. "On-the-fly" syntax checking information may be incorrect. [F:\FPGA_Projects\UART_CMOD_A735T\UART_CMOD_A735T.srcs\sources_1\new\UART_RX_CMOD_A735T.sv:]
WARNING: [filemgmt 56-199] Attempt to get parsing info during refresh. "On-the-fly" syntax checking information may be incorrect. [F:\FPGA_Projects\UART_SERIAL_TESTING\UART_SERIAL_TESTING.srcs\sources_1\new\UART_TX_CMOD_A735T.sv:]
WARNING: [filemgmt 56-199] Attempt to get parsing info during refresh. "On-the-fly" syntax checking information may be incorrect. [F:\FPGA_Projects\UART_SERIAL_TESTING\UART_SERIAL_TESTING.srcs\sources_1\new\UART_TX_CMOD_A735T.sv:]
WARNING: [filemgmt 56-199] Attempt to get parsing info during refresh. "On-the-fly" syntax checking information may be incorrect. [F:\FPGA_Projects\UART_SERIAL_TESTING\UART_SERIAL_TESTING.srcs\sources_1\new\UART_RX_CMOD_A735T.sv:]
WARNING: [filemgmt 56-199] Attempt to get parsing info during refresh. "On-the-fly" syntax checking information may be incorrect. [F:\FPGA_Projects\UART_CMOD_A735T\UART_CMOD_A735T.srcs\sources_1\new\UART_TX_CMOD_A735T.sv:]
WARNING: [filemgmt 56-199] Attempt to get parsing info during refresh. "On-the-fly" syntax checking information may be incorrect. [F:\FPGA_Projects\UART_SERIAL_TESTING\UART_SERIAL_TESTING.srcs\sources_1\new\UART_TEST.sv:]
WARNING: [filemgmt 56-199] Attempt to get parsing info during refresh. "On-the-fly" syntax checking information may be incorrect. [F:\FPGA_Projects\UART_SERIAL_TESTING\UART_SERIAL_TESTING.srcs\sources_1\new\UART_TX_CMOD_A735T.sv:]
WARNING: [filemgmt 56-199] Attempt to get parsing info during refresh. "On-the-fly" syntax checking information may be incorrect. [F:\FPGA_Projects\UART_CMOD_A735T\UART_CMOD_A735T.srcs\sources_1\new\UART_RX_CMOD_A735T.sv:]
update_compile_order -fileset sources_1
WARNING: [filemgmt 56-199] Attempt to get parsing info during refresh. "On-the-fly" syntax checking information may be incorrect. [F:\FPGA_Projects\UART_SERIAL_TESTING\UART_SERIAL_TESTING.srcs\sources_1\new\UART_RX_CMOD_A735T.sv:]
WARNING: [filemgmt 56-199] Attempt to get parsing info during refresh. "On-the-fly" syntax checking information may be incorrect. [F:\FPGA_Projects\UART_CMOD_A735T\UART_CMOD_A735T.srcs\sources_1\new\UART_TX_CMOD_A735T.sv:]
WARNING: [filemgmt 56-199] Attempt to get parsing info during refresh. "On-the-fly" syntax checking information may be incorrect. [F:\FPGA_Projects\UART_SERIAL_TESTING\UART_SERIAL_TESTING.srcs\sources_1\new\UART_TEST.sv:]
WARNING: [filemgmt 56-199] Attempt to get parsing info during refresh. "On-the-fly" syntax checking information may be incorrect. [F:\FPGA_Projects\UART_SERIAL_TESTING\UART_SERIAL_TESTING.srcs\sources_1\new\UART_TX_CMOD_A735T.sv:]
WARNING: [filemgmt 56-199] Attempt to get parsing info during refresh. "On-the-fly" syntax checking information may be incorrect. [F:\FPGA_Projects\UART_CMOD_A735T\UART_CMOD_A735T.srcs\sources_1\new\UART_RX_CMOD_A735T.sv:]
WARNING: [filemgmt 56-199] Attempt to get parsing info during refresh. "On-the-fly" syntax checking information may be incorrect. [F:\FPGA_Projects\UART_SERIAL_TESTING\UART_SERIAL_TESTING.srcs\sources_1\new\UART_TX_CMOD_A735T.sv:]
WARNING: [filemgmt 56-199] Attempt to get parsing info during refresh. "On-the-fly" syntax checking information may be incorrect. [F:\FPGA_Projects\UART_SERIAL_TESTING\UART_SERIAL_TESTING.srcs\sources_1\new\UART_TX_CMOD_A735T.sv:]
WARNING: [filemgmt 56-199] Attempt to get parsing info during refresh. "On-the-fly" syntax checking information may be incorrect. [F:\FPGA_Projects\UART_SERIAL_TESTING\UART_SERIAL_TESTING.srcs\sources_1\new\UART_RX_CMOD_A735T.sv:]
WARNING: [filemgmt 56-199] Attempt to get parsing info during refresh. "On-the-fly" syntax checking information may be incorrect. [F:\FPGA_Projects\UART_CMOD_A735T\UART_CMOD_A735T.srcs\sources_1\new\UART_TX_CMOD_A735T.sv:]
WARNING: [filemgmt 56-199] Attempt to get parsing info during refresh. "On-the-fly" syntax checking information may be incorrect. [F:\FPGA_Projects\UART_SERIAL_TESTING\UART_SERIAL_TESTING.srcs\sources_1\new\UART_TEST.sv:]
WARNING: [filemgmt 56-199] Attempt to get parsing info during refresh. "On-the-fly" syntax checking information may be incorrect. [F:\FPGA_Projects\UART_SERIAL_TESTING\UART_SERIAL_TESTING.srcs\sources_1\new\UART_TX_CMOD_A735T.sv:]
WARNING: [filemgmt 56-199] Attempt to get parsing info during refresh. "On-the-fly" syntax checking information may be incorrect. [F:\FPGA_Projects\UART_CMOD_A735T\UART_CMOD_A735T.srcs\sources_1\new\UART_RX_CMOD_A735T.sv:]
WARNING: [filemgmt 56-199] Attempt to get parsing info during refresh. "On-the-fly" syntax checking information may be incorrect. [F:\FPGA_Projects\UART_SERIAL_TESTING\UART_SERIAL_TESTING.srcs\sources_1\new\UART_RX_CMOD_A735T.sv:]
WARNING: [filemgmt 56-199] Attempt to get parsing info during refresh. "On-the-fly" syntax checking information may be incorrect. [F:\FPGA_Projects\UART_SERIAL_TESTING\UART_SERIAL_TESTING.srcs\sources_1\new\UART_RX_CMOD_A735T.sv:]
WARNING: [filemgmt 56-199] Attempt to get parsing info during refresh. "On-the-fly" syntax checking information may be incorrect. [F:\FPGA_Projects\UART_SERIAL_TESTING\UART_SERIAL_TESTING.srcs\sources_1\new\UART_RX_CMOD_A735T.sv:]
WARNING: [filemgmt 56-199] Attempt to get parsing info during refresh. "On-the-fly" syntax checking information may be incorrect. [F:\FPGA_Projects\UART_CMOD_A735T\UART_CMOD_A735T.srcs\sources_1\new\UART_TX_CMOD_A735T.sv:]
WARNING: [filemgmt 56-199] Attempt to get parsing info during refresh. "On-the-fly" syntax checking information may be incorrect. [F:\FPGA_Projects\UART_SERIAL_TESTING\UART_SERIAL_TESTING.srcs\sources_1\new\UART_TEST.sv:]
WARNING: [filemgmt 56-199] Attempt to get parsing info during refresh. "On-the-fly" syntax checking information may be incorrect. [F:\FPGA_Projects\UART_SERIAL_TESTING\UART_SERIAL_TESTING.srcs\sources_1\new\UART_TX_CMOD_A735T.sv:]
WARNING: [filemgmt 56-199] Attempt to get parsing info during refresh. "On-the-fly" syntax checking information may be incorrect. [F:\FPGA_Projects\UART_CMOD_A735T\UART_CMOD_A735T.srcs\sources_1\new\UART_RX_CMOD_A735T.sv:]
WARNING: [filemgmt 56-199] Attempt to get parsing info during refresh. "On-the-fly" syntax checking information may be incorrect. [F:\FPGA_Projects\UART_SERIAL_TESTING\UART_SERIAL_TESTING.srcs\sources_1\new\UART_TEST.sv:]
WARNING: [filemgmt 56-199] Attempt to get parsing info during refresh. "On-the-fly" syntax checking information may be incorrect. [F:\FPGA_Projects\UART_SERIAL_TESTING\UART_SERIAL_TESTING.srcs\sources_1\new\UART_TEST.sv:]
ERROR: [Common 17-180] Spawn failed: No error
WARNING: [filemgmt 56-199] Attempt to get parsing info during refresh. "On-the-fly" syntax checking information may be incorrect. [F:\FPGA_Projects\UART_SERIAL_TESTING\UART_SERIAL_TESTING.srcs\sources_1\new\UART_RX_CMOD_A735T.sv:]
WARNING: [filemgmt 56-199] Attempt to get parsing info during refresh. "On-the-fly" syntax checking information may be incorrect. [F:\FPGA_Projects\UART_CMOD_A735T\UART_CMOD_A735T.srcs\sources_1\new\UART_TX_CMOD_A735T.sv:]
WARNING: [filemgmt 56-199] Attempt to get parsing info during refresh. "On-the-fly" syntax checking information may be incorrect. [F:\FPGA_Projects\UART_SERIAL_TESTING\UART_SERIAL_TESTING.srcs\sources_1\new\UART_TEST.sv:]
WARNING: [filemgmt 56-199] Attempt to get parsing info during refresh. "On-the-fly" syntax checking information may be incorrect. [F:\FPGA_Projects\UART_SERIAL_TESTING\UART_SERIAL_TESTING.srcs\sources_1\new\UART_TX_CMOD_A735T.sv:]
WARNING: [filemgmt 56-199] Attempt to get parsing info during refresh. "On-the-fly" syntax checking information may be incorrect. [F:\FPGA_Projects\UART_CMOD_A735T\UART_CMOD_A735T.srcs\sources_1\new\UART_RX_CMOD_A735T.sv:]
WARNING: [filemgmt 56-199] Attempt to get parsing info during refresh. "On-the-fly" syntax checking information may be incorrect. [F:\FPGA_Projects\UART_SERIAL_TESTING\UART_SERIAL_TESTING.srcs\sources_1\new\UART_TX_CMOD_A735T.sv:]
WARNING: [filemgmt 56-199] Attempt to get parsing info during refresh. "On-the-fly" syntax checking information may be incorrect. [F:\FPGA_Projects\UART_SERIAL_TESTING\UART_SERIAL_TESTING.srcs\sources_1\new\UART_TX_CMOD_A735T.sv:]
launch_runs synth_1 -jobs 6
WARNING: [Vivado 12-7122] Auto Incremental Compile:: No reference checkpoint was found in run synth_1. Auto-incremental flow will not be run, the standard flow will be run instead.
[Thu Jan  9 10:12:45 2025] Launched synth_1...
Run output will be captured here: F:/FPGA_Projects/UART_SERIAL_TESTING/UART_SERIAL_TESTING.runs/synth_1/runme.log
launch_runs impl_1 -jobs 6
[Thu Jan  9 10:13:40 2025] Launched impl_1...
Run output will be captured here: F:/FPGA_Projects/UART_SERIAL_TESTING/UART_SERIAL_TESTING.runs/impl_1/runme.log
WARNING: [filemgmt 56-199] Attempt to get parsing info during refresh. "On-the-fly" syntax checking information may be incorrect. [F:\FPGA_Projects\UART_SERIAL_TESTING\UART_SERIAL_TESTING.srcs\sources_1\new\UART_RX_CMOD_A735T.sv:]
WARNING: [filemgmt 56-199] Attempt to get parsing info during refresh. "On-the-fly" syntax checking information may be incorrect. [F:\FPGA_Projects\UART_CMOD_A735T\UART_CMOD_A735T.srcs\sources_1\new\UART_TX_CMOD_A735T.sv:]
WARNING: [filemgmt 56-199] Attempt to get parsing info during refresh. "On-the-fly" syntax checking information may be incorrect. [F:\FPGA_Projects\UART_SERIAL_TESTING\UART_SERIAL_TESTING.srcs\sources_1\new\UART_TEST.sv:]
WARNING: [filemgmt 56-199] Attempt to get parsing info during refresh. "On-the-fly" syntax checking information may be incorrect. [F:\FPGA_Projects\UART_SERIAL_TESTING\UART_SERIAL_TESTING.srcs\sources_1\new\UART_TX_CMOD_A735T.sv:]
WARNING: [filemgmt 56-199] Attempt to get parsing info during refresh. "On-the-fly" syntax checking information may be incorrect. [F:\FPGA_Projects\UART_CMOD_A735T\UART_CMOD_A735T.srcs\sources_1\new\UART_RX_CMOD_A735T.sv:]
WARNING: [filemgmt 56-199] Attempt to get parsing info during refresh. "On-the-fly" syntax checking information may be incorrect. [F:\FPGA_Projects\UART_SERIAL_TESTING\UART_SERIAL_TESTING.srcs\sources_1\new\UART_TX_CMOD_A735T.sv:]
WARNING: [filemgmt 56-199] Attempt to get parsing info during refresh. "On-the-fly" syntax checking information may be incorrect. [F:\FPGA_Projects\UART_SERIAL_TESTING\UART_SERIAL_TESTING.srcs\sources_1\new\UART_TX_CMOD_A735T.sv:]
WARNING: [filemgmt 56-199] Attempt to get parsing info during refresh. "On-the-fly" syntax checking information may be incorrect. [F:\FPGA_Projects\UART_SERIAL_TESTING\UART_SERIAL_TESTING.srcs\sources_1\new\UART_RX_CMOD_A735T.sv:]
WARNING: [filemgmt 56-199] Attempt to get parsing info during refresh. "On-the-fly" syntax checking information may be incorrect. [F:\FPGA_Projects\UART_CMOD_A735T\UART_CMOD_A735T.srcs\sources_1\new\UART_TX_CMOD_A735T.sv:]
WARNING: [filemgmt 56-199] Attempt to get parsing info during refresh. "On-the-fly" syntax checking information may be incorrect. [F:\FPGA_Projects\UART_SERIAL_TESTING\UART_SERIAL_TESTING.srcs\sources_1\new\UART_TEST.sv:]
WARNING: [filemgmt 56-199] Attempt to get parsing info during refresh. "On-the-fly" syntax checking information may be incorrect. [F:\FPGA_Projects\UART_SERIAL_TESTING\UART_SERIAL_TESTING.srcs\sources_1\new\UART_TX_CMOD_A735T.sv:]
WARNING: [filemgmt 56-199] Attempt to get parsing info during refresh. "On-the-fly" syntax checking information may be incorrect. [F:\FPGA_Projects\UART_CMOD_A735T\UART_CMOD_A735T.srcs\sources_1\new\UART_RX_CMOD_A735T.sv:]
WARNING: [filemgmt 56-199] Attempt to get parsing info during refresh. "On-the-fly" syntax checking information may be incorrect. [F:\FPGA_Projects\UART_SERIAL_TESTING\UART_SERIAL_TESTING.srcs\sources_1\new\UART_TEST.sv:]
WARNING: [filemgmt 56-199] Attempt to get parsing info during refresh. "On-the-fly" syntax checking information may be incorrect. [F:\FPGA_Projects\UART_SERIAL_TESTING\UART_SERIAL_TESTING.srcs\sources_1\new\UART_TEST.sv:]
ERROR: [Common 17-180] Spawn failed: No error
reset_run synth_1
INFO: [Project 1-1160] Copying file F:/FPGA_Projects/UART_SERIAL_TESTING/UART_SERIAL_TESTING.runs/synth_1/UART_TEST.dcp to F:/FPGA_Projects/UART_SERIAL_TESTING/UART_SERIAL_TESTING.srcs/utils_1/imports/synth_1 and adding it to utils fileset
WARNING: [filemgmt 56-199] Attempt to get parsing info during refresh. "On-the-fly" syntax checking information may be incorrect. [F:\FPGA_Projects\UART_SERIAL_TESTING\UART_SERIAL_TESTING.srcs\sources_1\new\UART_RX_CMOD_A735T.sv:]
WARNING: [filemgmt 56-199] Attempt to get parsing info during refresh. "On-the-fly" syntax checking information may be incorrect. [F:\FPGA_Projects\UART_CMOD_A735T\UART_CMOD_A735T.srcs\sources_1\new\UART_TX_CMOD_A735T.sv:]
WARNING: [filemgmt 56-199] Attempt to get parsing info during refresh. "On-the-fly" syntax checking information may be incorrect. [F:\FPGA_Projects\UART_SERIAL_TESTING\UART_SERIAL_TESTING.srcs\sources_1\new\UART_TEST.sv:]
WARNING: [filemgmt 56-199] Attempt to get parsing info during refresh. "On-the-fly" syntax checking information may be incorrect. [F:\FPGA_Projects\UART_SERIAL_TESTING\UART_SERIAL_TESTING.srcs\sources_1\new\UART_TX_CMOD_A735T.sv:]
WARNING: [filemgmt 56-199] Attempt to get parsing info during refresh. "On-the-fly" syntax checking information may be incorrect. [F:\FPGA_Projects\UART_CMOD_A735T\UART_CMOD_A735T.srcs\sources_1\new\UART_RX_CMOD_A735T.sv:]
WARNING: [filemgmt 56-199] Attempt to get parsing info during refresh. "On-the-fly" syntax checking information may be incorrect. [F:\FPGA_Projects\UART_SERIAL_TESTING\UART_SERIAL_TESTING.srcs\sources_1\new\UART_TX_CMOD_A735T.sv:]
WARNING: [filemgmt 56-199] Attempt to get parsing info during refresh. "On-the-fly" syntax checking information may be incorrect. [F:\FPGA_Projects\UART_SERIAL_TESTING\UART_SERIAL_TESTING.srcs\sources_1\new\UART_TX_CMOD_A735T.sv:]
launch_runs synth_1 -jobs 6
[Thu Jan  9 10:16:53 2025] Launched synth_1...
Run output will be captured here: F:/FPGA_Projects/UART_SERIAL_TESTING/UART_SERIAL_TESTING.runs/synth_1/runme.log
WARNING: [filemgmt 56-199] Attempt to get parsing info during refresh. "On-the-fly" syntax checking information may be incorrect. [F:\FPGA_Projects\UART_SERIAL_TESTING\UART_SERIAL_TESTING.srcs\sources_1\new\UART_RX_CMOD_A735T.sv:]
WARNING: [filemgmt 56-199] Attempt to get parsing info during refresh. "On-the-fly" syntax checking information may be incorrect. [F:\FPGA_Projects\UART_CMOD_A735T\UART_CMOD_A735T.srcs\sources_1\new\UART_TX_CMOD_A735T.sv:]
WARNING: [filemgmt 56-199] Attempt to get parsing info during refresh. "On-the-fly" syntax checking information may be incorrect. [F:\FPGA_Projects\UART_SERIAL_TESTING\UART_SERIAL_TESTING.srcs\sources_1\new\UART_TEST.sv:]
WARNING: [filemgmt 56-199] Attempt to get parsing info during refresh. "On-the-fly" syntax checking information may be incorrect. [F:\FPGA_Projects\UART_SERIAL_TESTING\UART_SERIAL_TESTING.srcs\sources_1\new\UART_TX_CMOD_A735T.sv:]
WARNING: [filemgmt 56-199] Attempt to get parsing info during refresh. "On-the-fly" syntax checking information may be incorrect. [F:\FPGA_Projects\UART_CMOD_A735T\UART_CMOD_A735T.srcs\sources_1\new\UART_RX_CMOD_A735T.sv:]
WARNING: [filemgmt 56-199] Attempt to get parsing info during refresh. "On-the-fly" syntax checking information may be incorrect. [F:\FPGA_Projects\UART_SERIAL_TESTING\UART_SERIAL_TESTING.srcs\sources_1\new\UART_TEST.sv:]
WARNING: [filemgmt 56-199] Attempt to get parsing info during refresh. "On-the-fly" syntax checking information may be incorrect. [F:\FPGA_Projects\UART_SERIAL_TESTING\UART_SERIAL_TESTING.srcs\sources_1\new\UART_TEST.sv:]
reset_run synth_1
WARNING: [Vivado 12-1017] Problems encountered:
1. Failed to delete one or more files in run directory F:/FPGA_Projects/UART_SERIAL_TESTING/UART_SERIAL_TESTING.runs/synth_1

launch_runs synth_1 -jobs 6
[Thu Jan  9 10:17:21 2025] Launched synth_1...
Run output will be captured here: F:/FPGA_Projects/UART_SERIAL_TESTING/UART_SERIAL_TESTING.runs/synth_1/runme.log
launch_runs impl_1 -jobs 6
[Thu Jan  9 10:20:06 2025] Launched impl_1...
Run output will be captured here: F:/FPGA_Projects/UART_SERIAL_TESTING/UART_SERIAL_TESTING.runs/impl_1/runme.log
open_hw_manager
connect_hw_server -url localhost:3121 -allow_non_jtag
INFO: [Labtools 27-2285] Connecting to hw_server url TCP:localhost:3121
INFO: [Labtools 27-2222] Launching hw_server...
INFO: [Labtools 27-2221] Launch Output:

****** Xilinx hw_server v2024.2
  **** Build date : Oct 29 2024 at 10:25:41
    ** Copyright 1986-2022 Xilinx, Inc. All Rights Reserved.


INFO: [Labtools 27-3415] Connecting to cs_server url TCP:localhost:0
INFO: [Labtools 27-3417] Launching cs_server...
INFO: [Labtools 27-2221] Launch Output:


******** Xilinx cs_server v2024.2.0
  ****** Build date   : Oct 30 2024-11:19:07
    **** Build number : 2024.2.1730312347
      ** Copyright 2017-2022 Xilinx, Inc. All Rights Reserved.
      ** Copyright 2022-2025 Advanced Micro Devices, Inc. All Rights Reserved.



connect_hw_server: Time (s): cpu = 00:00:00 ; elapsed = 00:00:08 . Memory (MB): peak = 1302.391 ; gain = 0.000
current_hw_target [get_hw_targets */xilinx_tcf/Digilent/210328BB1590A]
set_property PARAM.FREQUENCY 15000000 [get_hw_targets */xilinx_tcf/Digilent/210328BB1590A]
open_hw_target
INFO: [Labtoolstcl 44-466] Opening hw_target localhost:3121/xilinx_tcf/Digilent/210328BB1590A
current_hw_device [get_hw_devices xc7a35t_0]
refresh_hw_device -update_hw_probes false [lindex [get_hw_devices xc7a35t_0] 0]
INFO: [Labtools 27-1435] Device xc7a35t (JTAG device index = 0) is not programmed (DONE status = 0).
reset_run impl_1
launch_runs impl_1 -jobs 6
[Thu Jan  9 10:27:06 2025] Launched impl_1...
Run output will be captured here: F:/FPGA_Projects/UART_SERIAL_TESTING/UART_SERIAL_TESTING.runs/impl_1/runme.log
WARNING: [filemgmt 56-199] Attempt to get parsing info during refresh. "On-the-fly" syntax checking information may be incorrect. [F:\FPGA_Projects\UART_SERIAL_TESTING\UART_SERIAL_TESTING.srcs\sources_1\new\UART_RX_CMOD_A735T.sv:]
WARNING: [filemgmt 56-199] Attempt to get parsing info during refresh. "On-the-fly" syntax checking information may be incorrect. [F:\FPGA_Projects\UART_CMOD_A735T\UART_CMOD_A735T.srcs\sources_1\new\UART_TX_CMOD_A735T.sv:]
WARNING: [filemgmt 56-199] Attempt to get parsing info during refresh. "On-the-fly" syntax checking information may be incorrect. [F:\FPGA_Projects\UART_SERIAL_TESTING\UART_SERIAL_TESTING.srcs\sources_1\new\UART_TEST.sv:]
WARNING: [filemgmt 56-199] Attempt to get parsing info during refresh. "On-the-fly" syntax checking information may be incorrect. [F:\FPGA_Projects\UART_SERIAL_TESTING\UART_SERIAL_TESTING.srcs\sources_1\new\UART_TX_CMOD_A735T.sv:]
WARNING: [filemgmt 56-199] Attempt to get parsing info during refresh. "On-the-fly" syntax checking information may be incorrect. [F:\FPGA_Projects\UART_CMOD_A735T\UART_CMOD_A735T.srcs\sources_1\new\UART_RX_CMOD_A735T.sv:]
WARNING: [filemgmt 56-199] Attempt to get parsing info during refresh. "On-the-fly" syntax checking information may be incorrect. [F:\FPGA_Projects\UART_SERIAL_TESTING\UART_SERIAL_TESTING.srcs\sources_1\new\UART_TX_CMOD_A735T.sv:]
WARNING: [filemgmt 56-199] Attempt to get parsing info during refresh. "On-the-fly" syntax checking information may be incorrect. [F:\FPGA_Projects\UART_SERIAL_TESTING\UART_SERIAL_TESTING.srcs\sources_1\new\UART_TX_CMOD_A735T.sv:]
WARNING: [filemgmt 56-199] Attempt to get parsing info during refresh. "On-the-fly" syntax checking information may be incorrect. [F:\FPGA_Projects\UART_SERIAL_TESTING\UART_SERIAL_TESTING.srcs\sources_1\new\UART_RX_CMOD_A735T.sv:]
WARNING: [filemgmt 56-199] Attempt to get parsing info during refresh. "On-the-fly" syntax checking information may be incorrect. [F:\FPGA_Projects\UART_CMOD_A735T\UART_CMOD_A735T.srcs\sources_1\new\UART_TX_CMOD_A735T.sv:]
WARNING: [filemgmt 56-199] Attempt to get parsing info during refresh. "On-the-fly" syntax checking information may be incorrect. [F:\FPGA_Projects\UART_SERIAL_TESTING\UART_SERIAL_TESTING.srcs\sources_1\new\UART_TEST.sv:]
WARNING: [filemgmt 56-199] Attempt to get parsing info during refresh. "On-the-fly" syntax checking information may be incorrect. [F:\FPGA_Projects\UART_SERIAL_TESTING\UART_SERIAL_TESTING.srcs\sources_1\new\UART_TX_CMOD_A735T.sv:]
WARNING: [filemgmt 56-199] Attempt to get parsing info during refresh. "On-the-fly" syntax checking information may be incorrect. [F:\FPGA_Projects\UART_CMOD_A735T\UART_CMOD_A735T.srcs\sources_1\new\UART_RX_CMOD_A735T.sv:]
WARNING: [filemgmt 56-199] Attempt to get parsing info during refresh. "On-the-fly" syntax checking information may be incorrect. [F:\FPGA_Projects\UART_SERIAL_TESTING\UART_SERIAL_TESTING.srcs\sources_1\new\UART_TEST.sv:]
WARNING: [filemgmt 56-199] Attempt to get parsing info during refresh. "On-the-fly" syntax checking information may be incorrect. [F:\FPGA_Projects\UART_SERIAL_TESTING\UART_SERIAL_TESTING.srcs\sources_1\new\UART_TEST.sv:]
ERROR: [Common 17-180] Spawn failed: No error
reset_run synth_1
INFO: [Project 1-1161] Replacing file F:/FPGA_Projects/UART_SERIAL_TESTING/UART_SERIAL_TESTING.srcs/utils_1/imports/synth_1/UART_TEST.dcp with file F:/FPGA_Projects/UART_SERIAL_TESTING/UART_SERIAL_TESTING.runs/synth_1/UART_TEST.dcp
launch_runs synth_1 -jobs 6
[Thu Jan  9 10:29:55 2025] Launched synth_1...
Run output will be captured here: F:/FPGA_Projects/UART_SERIAL_TESTING/UART_SERIAL_TESTING.runs/synth_1/runme.log
WARNING: [filemgmt 56-199] Attempt to get parsing info during refresh. "On-the-fly" syntax checking information may be incorrect. [F:\FPGA_Projects\UART_SERIAL_TESTING\UART_SERIAL_TESTING.srcs\sources_1\new\UART_RX_CMOD_A735T.sv:]
WARNING: [filemgmt 56-199] Attempt to get parsing info during refresh. "On-the-fly" syntax checking information may be incorrect. [F:\FPGA_Projects\UART_CMOD_A735T\UART_CMOD_A735T.srcs\sources_1\new\UART_TX_CMOD_A735T.sv:]
WARNING: [filemgmt 56-199] Attempt to get parsing info during refresh. "On-the-fly" syntax checking information may be incorrect. [F:\FPGA_Projects\UART_SERIAL_TESTING\UART_SERIAL_TESTING.srcs\sources_1\new\UART_TEST.sv:]
WARNING: [filemgmt 56-199] Attempt to get parsing info during refresh. "On-the-fly" syntax checking information may be incorrect. [F:\FPGA_Projects\UART_SERIAL_TESTING\UART_SERIAL_TESTING.srcs\sources_1\new\UART_TX_CMOD_A735T.sv:]
WARNING: [filemgmt 56-199] Attempt to get parsing info during refresh. "On-the-fly" syntax checking information may be incorrect. [F:\FPGA_Projects\UART_CMOD_A735T\UART_CMOD_A735T.srcs\sources_1\new\UART_RX_CMOD_A735T.sv:]
WARNING: [filemgmt 56-199] Attempt to get parsing info during refresh. "On-the-fly" syntax checking information may be incorrect. [F:\FPGA_Projects\UART_SERIAL_TESTING\UART_SERIAL_TESTING.srcs\sources_1\new\UART_TX_CMOD_A735T.sv:]
WARNING: [filemgmt 56-199] Attempt to get parsing info during refresh. "On-the-fly" syntax checking information may be incorrect. [F:\FPGA_Projects\UART_SERIAL_TESTING\UART_SERIAL_TESTING.srcs\sources_1\new\UART_TX_CMOD_A735T.sv:]
WARNING: [filemgmt 56-199] Attempt to get parsing info during refresh. "On-the-fly" syntax checking information may be incorrect. [F:\FPGA_Projects\UART_SERIAL_TESTING\UART_SERIAL_TESTING.srcs\sources_1\new\UART_RX_CMOD_A735T.sv:]
WARNING: [filemgmt 56-199] Attempt to get parsing info during refresh. "On-the-fly" syntax checking information may be incorrect. [F:\FPGA_Projects\UART_CMOD_A735T\UART_CMOD_A735T.srcs\sources_1\new\UART_TX_CMOD_A735T.sv:]
WARNING: [filemgmt 56-199] Attempt to get parsing info during refresh. "On-the-fly" syntax checking information may be incorrect. [F:\FPGA_Projects\UART_SERIAL_TESTING\UART_SERIAL_TESTING.srcs\sources_1\new\UART_TEST.sv:]
WARNING: [filemgmt 56-199] Attempt to get parsing info during refresh. "On-the-fly" syntax checking information may be incorrect. [F:\FPGA_Projects\UART_SERIAL_TESTING\UART_SERIAL_TESTING.srcs\sources_1\new\UART_TX_CMOD_A735T.sv:]
WARNING: [filemgmt 56-199] Attempt to get parsing info during refresh. "On-the-fly" syntax checking information may be incorrect. [F:\FPGA_Projects\UART_CMOD_A735T\UART_CMOD_A735T.srcs\sources_1\new\UART_RX_CMOD_A735T.sv:]
WARNING: [filemgmt 56-199] Attempt to get parsing info during refresh. "On-the-fly" syntax checking information may be incorrect. [F:\FPGA_Projects\UART_SERIAL_TESTING\UART_SERIAL_TESTING.srcs\sources_1\new\UART_TEST.sv:]
WARNING: [filemgmt 56-199] Attempt to get parsing info during refresh. "On-the-fly" syntax checking information may be incorrect. [F:\FPGA_Projects\UART_SERIAL_TESTING\UART_SERIAL_TESTING.srcs\sources_1\new\UART_TEST.sv:]
exit
INFO: [Common 17-206] Exiting Vivado at Thu Jan  9 10:36:49 2025...
